2025-09-13 17:08:00,915 - root - INFO - Logging initialized
2025-09-13 17:08:00,916 - root - INFO - Starting Course Scheduler application
2025-09-13 17:08:01,984 - course_scheduler.app.gui.main_window - INFO - UI setup completed
2025-09-13 17:08:01,985 - course_scheduler.app.gui.main_window - INFO - Main window initialized
2025-09-13 17:08:01,985 - root - INFO - Main window initialized successfully
2025-09-13 17:08:51,695 - course_scheduler.app.gui.file_settings - INFO - Selected Excel file: C:/Users/PC/Downloads/lisans-haftalik-ders-programi(1).xlsx
2025-09-13 17:08:57,484 - course_scheduler.app.gui.course_preview - INFO - Course preview updated with 66 courses
2025-09-13 17:08:57,486 - course_scheduler.app.gui.main_window - INFO - Loaded 66 courses from C:/Users/PC/Downloads/lisans-haftalik-ders-programi(1).xlsx
2025-09-13 17:09:11,789 - course_scheduler.app.gui.course_selection - INFO - Course selection window initialized
2025-09-13 17:09:16,253 - course_scheduler.app.gui.course_selection - INFO - Course selection: 3 courses selected
2025-09-13 17:09:16,341 - course_scheduler.app.scheduler.dfs - INFO - Starting DFS scheduling with 36 course groups
2025-09-13 17:09:16,341 - course_scheduler.app.scheduler.dfs - INFO - Mandatory courses: 3, Max results: 5
2025-09-13 17:09:16,342 - course_scheduler.app.scheduler.dfs - INFO - Search order: 3 mandatory + 33 optional
2025-09-13 17:09:16,342 - course_scheduler.app.data.models - WARNING - Found 1 conflicts in schedule:
2025-09-13 17:09:16,342 - course_scheduler.app.data.models - WARNING - Conflict at M3: BIOL1101.1, COMP3401.1
2025-09-13 17:09:16,342 - course_scheduler.app.data.models - WARNING - Found 1 conflicts in schedule:
2025-09-13 17:09:16,342 - course_scheduler.app.data.models - WARNING - Conflict at M3: BIOL1101.1, COMP3401.1
2025-09-13 17:09:16,342 - course_scheduler.app.data.models - WARNING - Found 1 conflicts in schedule:
2025-09-13 17:09:16,342 - course_scheduler.app.data.models - WARNING - Conflict at M3: BIOL1101.1, COMP3401.1
2025-09-13 17:09:16,342 - course_scheduler.app.data.models - WARNING - Found 1 conflicts in schedule:
2025-09-13 17:09:16,342 - course_scheduler.app.data.models - WARNING - Conflict at M3: BIOL1101.1, COMP3401.1
2025-09-13 17:09:16,342 - course_scheduler.app.data.models - WARNING - Found 1 conflicts in schedule:
2025-09-13 17:09:16,342 - course_scheduler.app.data.models - WARNING - Conflict at M3: BIOL1101.1, COMP3401.1
2025-09-13 17:09:16,343 - course_scheduler.app.data.models - WARNING - Found 1 conflicts in schedule:
2025-09-13 17:09:16,343 - course_scheduler.app.data.models - WARNING - Conflict at M3: BIOL1101.1, COMP3401.1
2025-09-13 17:09:16,343 - course_scheduler.app.data.models - WARNING - Found 1 conflicts in schedule:
2025-09-13 17:09:16,343 - course_scheduler.app.data.models - WARNING - Conflict at M3: BIOL1101.1, COMP3401.1
2025-09-13 17:09:16,343 - course_scheduler.app.data.models - WARNING - Found 1 conflicts in schedule:
2025-09-13 17:09:16,343 - course_scheduler.app.data.models - WARNING - Conflict at M3: BIOL1101.1, COMP3401.1
2025-09-13 17:09:16,343 - course_scheduler.app.data.models - WARNING - Found 1 conflicts in schedule:
2025-09-13 17:09:16,343 - course_scheduler.app.data.models - WARNING - Conflict at M3: BIOL1101.1, COMP3401.1
2025-09-13 17:09:16,343 - course_scheduler.app.data.models - WARNING - Found 1 conflicts in schedule:
2025-09-13 17:09:16,343 - course_scheduler.app.data.models - WARNING - Conflict at M3: BIOL1101.1, COMP3401.1
2025-09-13 17:09:16,343 - course_scheduler.app.data.models - WARNING - Found 1 conflicts in schedule:
2025-09-13 17:09:16,343 - course_scheduler.app.data.models - WARNING - Conflict at M3: BIOL1101.1, COMP3401.1
2025-09-13 17:09:16,343 - course_scheduler.app.data.models - WARNING - Found 1 conflicts in schedule:
2025-09-13 17:09:16,343 - course_scheduler.app.data.models - WARNING - Conflict at M3: BIOL1101.1, COMP3401.1
2025-09-13 17:09:16,344 - course_scheduler.app.data.models - WARNING - Found 1 conflicts in schedule:
2025-09-13 17:09:16,344 - course_scheduler.app.data.models - WARNING - Conflict at M3: BIOL1101.1, COMP3401.1
2025-09-13 17:09:16,344 - course_scheduler.app.data.models - WARNING - Found 1 conflicts in schedule:
2025-09-13 17:09:16,344 - course_scheduler.app.data.models - WARNING - Conflict at M3: BIOL1101.1, COMP3401.1
2025-09-13 17:09:16,344 - course_scheduler.app.data.models - WARNING - Found 1 conflicts in schedule:
2025-09-13 17:09:16,344 - course_scheduler.app.data.models - WARNING - Conflict at M3: BIOL1101.1, COMP3401.1
2025-09-13 17:09:16,344 - course_scheduler.app.data.models - WARNING - Found 1 conflicts in schedule:
2025-09-13 17:09:16,344 - course_scheduler.app.data.models - WARNING - Conflict at M3: BIOL1101.1, COMP3401.1
2025-09-13 17:09:16,344 - course_scheduler.app.data.models - WARNING - Found 1 conflicts in schedule:
2025-09-13 17:09:16,344 - course_scheduler.app.data.models - WARNING - Conflict at M3: BIOL1101.1, COMP3401.1
2025-09-13 17:09:16,344 - course_scheduler.app.data.models - WARNING - Found 1 conflicts in schedule:
2025-09-13 17:09:16,345 - course_scheduler.app.data.models - WARNING - Conflict at M3: BIOL1101.1, COMP3401.1
2025-09-13 17:09:16,346 - course_scheduler.app.data.models - WARNING - Found 1 conflicts in schedule:
2025-09-13 17:09:16,346 - course_scheduler.app.data.models - WARNING - Conflict at M3: BIOL1101.1, COMP3401.1
2025-09-13 17:09:16,346 - course_scheduler.app.data.models - WARNING - Found 1 conflicts in schedule:
2025-09-13 17:09:16,346 - course_scheduler.app.data.models - WARNING - Conflict at M3: BIOL1101.1, COMP3401.1
2025-09-13 17:09:16,346 - course_scheduler.app.data.models - WARNING - Found 1 conflicts in schedule:
2025-09-13 17:09:16,346 - course_scheduler.app.data.models - WARNING - Conflict at M3: BIOL1101.1, COMP3401.1
2025-09-13 17:09:16,346 - course_scheduler.app.data.models - WARNING - Found 1 conflicts in schedule:
2025-09-13 17:09:16,346 - course_scheduler.app.data.models - WARNING - Conflict at M3: BIOL1101.1, COMP3401.1
2025-09-13 17:09:16,346 - course_scheduler.app.data.models - WARNING - Found 1 conflicts in schedule:
2025-09-13 17:09:16,347 - course_scheduler.app.data.models - WARNING - Conflict at M3: BIOL1101.1, COMP3401.1
2025-09-13 17:09:16,347 - course_scheduler.app.data.models - WARNING - Found 1 conflicts in schedule:
2025-09-13 17:09:16,347 - course_scheduler.app.data.models - WARNING - Conflict at M3: BIOL1101.1, COMP3401.1
2025-09-13 17:09:16,347 - course_scheduler.app.data.models - WARNING - Found 1 conflicts in schedule:
2025-09-13 17:09:16,347 - course_scheduler.app.data.models - WARNING - Conflict at M3: BIOL1101.1, COMP3401.1
2025-09-13 17:09:16,347 - course_scheduler.app.data.models - WARNING - Found 1 conflicts in schedule:
2025-09-13 17:09:16,347 - course_scheduler.app.data.models - WARNING - Conflict at M3: BIOL1101.1, COMP3401.1
2025-09-13 17:09:16,347 - course_scheduler.app.data.models - WARNING - Found 1 conflicts in schedule:
2025-09-13 17:09:16,347 - course_scheduler.app.data.models - WARNING - Conflict at M3: BIOL1101.1, COMP3401.1
2025-09-13 17:09:16,347 - course_scheduler.app.data.models - WARNING - Found 1 conflicts in schedule:
2025-09-13 17:09:16,347 - course_scheduler.app.data.models - WARNING - Conflict at M3: BIOL1101.1, COMP3401.1
2025-09-13 17:09:16,347 - course_scheduler.app.data.models - WARNING - Found 1 conflicts in schedule:
2025-09-13 17:09:16,347 - course_scheduler.app.data.models - WARNING - Conflict at M3: BIOL1101.1, COMP3401.1
2025-09-13 17:09:16,348 - course_scheduler.app.data.models - WARNING - Found 1 conflicts in schedule:
2025-09-13 17:09:16,348 - course_scheduler.app.data.models - WARNING - Conflict at M3: BIOL1101.1, COMP3401.1
2025-09-13 17:09:16,348 - course_scheduler.app.data.models - WARNING - Found 1 conflicts in schedule:
2025-09-13 17:09:16,348 - course_scheduler.app.data.models - WARNING - Conflict at M3: BIOL1101.1, COMP3401.1
2025-09-13 17:09:16,348 - course_scheduler.app.data.models - WARNING - Found 1 conflicts in schedule:
2025-09-13 17:09:16,348 - course_scheduler.app.data.models - WARNING - Conflict at M3: BIOL1101.1, COMP3401.1
2025-09-13 17:09:16,348 - course_scheduler.app.data.models - WARNING - Found 1 conflicts in schedule:
2025-09-13 17:09:16,348 - course_scheduler.app.data.models - WARNING - Conflict at M3: BIOL1101.1, COMP3401.1
2025-09-13 17:09:16,348 - course_scheduler.app.data.models - WARNING - Found 1 conflicts in schedule:
2025-09-13 17:09:16,348 - course_scheduler.app.data.models - WARNING - Conflict at M3: BIOL1101.1, COMP3401.1
2025-09-13 17:09:16,348 - course_scheduler.app.data.models - WARNING - Found 1 conflicts in schedule:
2025-09-13 17:09:16,348 - course_scheduler.app.data.models - WARNING - Conflict at M3: BIOL1101.1, COMP3401.1
2025-09-13 17:09:16,348 - course_scheduler.app.data.models - WARNING - Found 1 conflicts in schedule:
2025-09-13 17:09:16,348 - course_scheduler.app.data.models - WARNING - Conflict at M3: BIOL1101.1, COMP3401.1
2025-09-13 17:09:16,348 - course_scheduler.app.data.models - WARNING - Found 1 conflicts in schedule:
2025-09-13 17:09:16,348 - course_scheduler.app.data.models - WARNING - Conflict at M3: BIOL1101.1, COMP3401.1
2025-09-13 17:09:16,348 - course_scheduler.app.data.models - WARNING - Found 1 conflicts in schedule:
2025-09-13 17:09:16,348 - course_scheduler.app.data.models - WARNING - Conflict at M3: BIOL1101.1, COMP3401.1
2025-09-13 17:09:16,348 - course_scheduler.app.data.models - WARNING - Found 1 conflicts in schedule:
2025-09-13 17:09:16,348 - course_scheduler.app.data.models - WARNING - Conflict at M3: BIOL1101.1, COMP3401.1
2025-09-13 17:09:16,348 - course_scheduler.app.data.models - WARNING - Found 1 conflicts in schedule:
2025-09-13 17:09:16,348 - course_scheduler.app.data.models - WARNING - Conflict at M3: BIOL1101.1, COMP3401.1
2025-09-13 17:09:16,348 - course_scheduler.app.data.models - WARNING - Found 1 conflicts in schedule:
2025-09-13 17:09:16,348 - course_scheduler.app.data.models - WARNING - Conflict at M3: BIOL1101.1, COMP3401.1
2025-09-13 17:09:16,348 - course_scheduler.app.data.models - WARNING - Found 1 conflicts in schedule:
2025-09-13 17:09:16,348 - course_scheduler.app.data.models - WARNING - Conflict at M3: BIOL1101.1, COMP3401.1
2025-09-13 17:09:16,348 - course_scheduler.app.data.models - WARNING - Found 1 conflicts in schedule:
2025-09-13 17:09:16,349 - course_scheduler.app.data.models - WARNING - Conflict at M3: BIOL1101.1, COMP3401.1
2025-09-13 17:09:16,350 - course_scheduler.app.data.models - WARNING - Found 1 conflicts in schedule:
2025-09-13 17:09:16,350 - course_scheduler.app.data.models - WARNING - Conflict at M3: BIOL1101.1, COMP3401.1
2025-09-13 17:09:16,350 - course_scheduler.app.data.models - WARNING - Found 1 conflicts in schedule:
2025-09-13 17:09:16,350 - course_scheduler.app.data.models - WARNING - Conflict at M3: BIOL1101.1, COMP3401.1
2025-09-13 17:09:16,350 - course_scheduler.app.data.models - WARNING - Found 1 conflicts in schedule:
2025-09-13 17:09:16,350 - course_scheduler.app.data.models - WARNING - Conflict at M3: BIOL1101.1, COMP3401.1
2025-09-13 17:09:16,350 - course_scheduler.app.data.models - WARNING - Found 1 conflicts in schedule:
2025-09-13 17:09:16,350 - course_scheduler.app.data.models - WARNING - Conflict at M3: BIOL1101.1, COMP3401.1
2025-09-13 17:09:16,350 - course_scheduler.app.data.models - WARNING - Found 1 conflicts in schedule:
2025-09-13 17:09:16,350 - course_scheduler.app.data.models - WARNING - Conflict at M3: BIOL1101.1, COMP3401.1
2025-09-13 17:09:16,350 - course_scheduler.app.data.models - WARNING - Found 1 conflicts in schedule:
2025-09-13 17:09:16,350 - course_scheduler.app.data.models - WARNING - Conflict at M3: BIOL1101.1, COMP3401.1
2025-09-13 17:09:16,350 - course_scheduler.app.data.models - WARNING - Found 1 conflicts in schedule:
2025-09-13 17:09:16,350 - course_scheduler.app.data.models - WARNING - Conflict at M3: BIOL1101.1, COMP3401.1
2025-09-13 17:09:16,350 - course_scheduler.app.data.models - WARNING - Found 1 conflicts in schedule:
2025-09-13 17:09:16,351 - course_scheduler.app.data.models - WARNING - Conflict at M3: BIOL1101.1, COMP3401.1
2025-09-13 17:09:16,351 - course_scheduler.app.data.models - WARNING - Found 1 conflicts in schedule:
2025-09-13 17:09:16,351 - course_scheduler.app.data.models - WARNING - Conflict at M3: BIOL1101.1, COMP3401.1
2025-09-13 17:09:16,351 - course_scheduler.app.data.models - WARNING - Found 1 conflicts in schedule:
2025-09-13 17:09:16,351 - course_scheduler.app.data.models - WARNING - Conflict at M3: BIOL1101.1, COMP3401.1
2025-09-13 17:09:16,351 - course_scheduler.app.data.models - WARNING - Found 1 conflicts in schedule:
2025-09-13 17:09:16,351 - course_scheduler.app.data.models - WARNING - Conflict at M3: BIOL1101.1, COMP3401.1
2025-09-13 17:09:16,351 - course_scheduler.app.data.models - WARNING - Found 1 conflicts in schedule:
2025-09-13 17:09:16,351 - course_scheduler.app.data.models - WARNING - Conflict at M3: BIOL1101.1, COMP3401.1
2025-09-13 17:09:16,351 - course_scheduler.app.data.models - WARNING - Found 1 conflicts in schedule:
2025-09-13 17:09:16,351 - course_scheduler.app.data.models - WARNING - Conflict at M3: BIOL1101.1, COMP3401.1
2025-09-13 17:09:16,351 - course_scheduler.app.data.models - WARNING - Found 1 conflicts in schedule:
2025-09-13 17:09:16,351 - course_scheduler.app.data.models - WARNING - Conflict at M3: BIOL1101.1, COMP3401.1
2025-09-13 17:09:16,351 - course_scheduler.app.data.models - WARNING - Found 1 conflicts in schedule:
2025-09-13 17:09:16,352 - course_scheduler.app.data.models - WARNING - Conflict at M3: BIOL1101.1, COMP3401.1
2025-09-13 17:09:16,352 - course_scheduler.app.data.models - WARNING - Found 1 conflicts in schedule:
2025-09-13 17:09:16,352 - course_scheduler.app.data.models - WARNING - Conflict at M3: BIOL1101.1, COMP3401.1
2025-09-13 17:09:16,352 - course_scheduler.app.data.models - WARNING - Found 1 conflicts in schedule:
2025-09-13 17:09:16,352 - course_scheduler.app.data.models - WARNING - Conflict at M3: BIOL1101.1, COMP3401.1
2025-09-13 17:09:16,352 - course_scheduler.app.data.models - WARNING - Found 1 conflicts in schedule:
2025-09-13 17:09:16,352 - course_scheduler.app.data.models - WARNING - Conflict at M3: BIOL1101.1, COMP3401.1
2025-09-13 17:09:16,352 - course_scheduler.app.data.models - WARNING - Found 1 conflicts in schedule:
2025-09-13 17:09:16,352 - course_scheduler.app.data.models - WARNING - Conflict at M3: BIOL1101.1, COMP3401.1
2025-09-13 17:09:16,352 - course_scheduler.app.data.models - WARNING - Found 1 conflicts in schedule:
2025-09-13 17:09:16,352 - course_scheduler.app.data.models - WARNING - Conflict at M3: BIOL1101.1, COMP3401.1
2025-09-13 17:09:16,352 - course_scheduler.app.data.models - WARNING - Found 1 conflicts in schedule:
2025-09-13 17:09:16,352 - course_scheduler.app.data.models - WARNING - Conflict at M3: BIOL1101.1, COMP3401.1
2025-09-13 17:09:16,352 - course_scheduler.app.data.models - WARNING - Found 1 conflicts in schedule:
2025-09-13 17:09:16,353 - course_scheduler.app.data.models - WARNING - Conflict at M3: BIOL1101.1, COMP3401.1
2025-09-13 17:09:16,353 - course_scheduler.app.data.models - WARNING - Found 1 conflicts in schedule:
2025-09-13 17:09:16,353 - course_scheduler.app.data.models - WARNING - Conflict at M3: BIOL1101.1, COMP3401.1
2025-09-13 17:09:16,353 - course_scheduler.app.data.models - WARNING - Found 1 conflicts in schedule:
2025-09-13 17:09:16,353 - course_scheduler.app.data.models - WARNING - Conflict at M3: BIOL1101.1, COMP3401.1
2025-09-13 17:09:16,353 - course_scheduler.app.data.models - WARNING - Found 1 conflicts in schedule:
2025-09-13 17:09:16,353 - course_scheduler.app.data.models - WARNING - Conflict at M3: BIOL1101.1, COMP3401.1
2025-09-13 17:09:16,353 - course_scheduler.app.data.models - WARNING - Found 1 conflicts in schedule:
2025-09-13 17:09:16,353 - course_scheduler.app.data.models - WARNING - Conflict at M3: BIOL1101.1, COMP3401.1
2025-09-13 17:09:16,353 - course_scheduler.app.data.models - WARNING - Found 1 conflicts in schedule:
2025-09-13 17:09:16,353 - course_scheduler.app.data.models - WARNING - Conflict at M3: BIOL1101.1, COMP3401.1
2025-09-13 17:09:16,353 - course_scheduler.app.data.models - WARNING - Found 1 conflicts in schedule:
2025-09-13 17:09:16,353 - course_scheduler.app.data.models - WARNING - Conflict at M3: BIOL1101.1, COMP3401.1
2025-09-13 17:09:16,353 - course_scheduler.app.data.models - WARNING - Found 1 conflicts in schedule:
2025-09-13 17:09:16,354 - course_scheduler.app.data.models - WARNING - Conflict at M3: BIOL1101.1, COMP3401.1
2025-09-13 17:09:16,354 - course_scheduler.app.scheduler.dfs - INFO - DFS search completed in 0.01s
2025-09-13 17:09:16,354 - course_scheduler.app.scheduler.dfs - INFO - Explored 101 nodes, pruned 0 branches
2025-09-13 17:09:16,354 - course_scheduler.app.scheduler.dfs - INFO - Found 5 valid schedules
2025-09-13 17:09:16,354 - course_scheduler.app.data.models - WARNING - Found 1 conflicts in schedule:
2025-09-13 17:09:16,354 - course_scheduler.app.data.models - WARNING - Conflict at M3: BIOL1101.1, COMP3401.1
2025-09-13 17:09:16,354 - course_scheduler.app.data.models - WARNING - Found 1 conflicts in schedule:
2025-09-13 17:09:16,354 - course_scheduler.app.data.models - WARNING - Conflict at M3: BIOL1101.1, COMP3401.1
2025-09-13 17:09:16,354 - course_scheduler.app.data.models - WARNING - Found 1 conflicts in schedule:
2025-09-13 17:09:16,354 - course_scheduler.app.data.models - WARNING - Conflict at M3: BIOL1101.1, COMP3401.1
2025-09-13 17:09:16,354 - course_scheduler.app.data.models - WARNING - Found 1 conflicts in schedule:
2025-09-13 17:09:16,354 - course_scheduler.app.data.models - WARNING - Conflict at M3: BIOL1101.1, COMP3401.1
2025-09-13 17:09:16,354 - course_scheduler.app.data.models - WARNING - Found 1 conflicts in schedule:
2025-09-13 17:09:16,355 - course_scheduler.app.data.models - WARNING - Conflict at M3: BIOL1101.1, COMP3401.1
2025-09-13 17:09:16,355 - course_scheduler.app.data.models - WARNING - Found 1 conflicts in schedule:
2025-09-13 17:09:16,355 - course_scheduler.app.data.models - WARNING - Conflict at M3: BIOL1101.1, COMP3401.1
2025-09-13 17:09:16,355 - course_scheduler.app.data.models - WARNING - Found 1 conflicts in schedule:
2025-09-13 17:09:16,355 - course_scheduler.app.data.models - WARNING - Conflict at M3: BIOL1101.1, COMP3401.1
2025-09-13 17:09:16,355 - course_scheduler.app.data.models - WARNING - Found 1 conflicts in schedule:
2025-09-13 17:09:16,355 - course_scheduler.app.data.models - WARNING - Conflict at M3: BIOL1101.1, COMP3401.1
2025-09-13 17:09:16,355 - course_scheduler.app.data.models - WARNING - Found 1 conflicts in schedule:
2025-09-13 17:09:16,355 - course_scheduler.app.data.models - WARNING - Conflict at M3: BIOL1101.1, COMP3401.1
2025-09-13 17:09:16,355 - course_scheduler.app.data.models - WARNING - Found 1 conflicts in schedule:
2025-09-13 17:09:16,355 - course_scheduler.app.data.models - WARNING - Conflict at M3: BIOL1101.1, COMP3401.1
2025-09-13 17:09:16,356 - course_scheduler.app.data.models - WARNING - Found 1 conflicts in schedule:
2025-09-13 17:09:16,356 - course_scheduler.app.data.models - WARNING - Conflict at M3: BIOL1101.1, COMP3401.1
2025-09-13 17:09:16,358 - course_scheduler.app.gui.schedule_report - INFO - Schedule report updated with 5 schedules
2025-09-13 17:09:16,358 - course_scheduler.app.gui.main_window - INFO - Generated 5 schedules
2025-09-13 17:09:16,364 - course_scheduler.app.gui.main_window - INFO - Course selection completed: 3 courses selected
2025-09-13 17:09:21,541 - course_scheduler.app.data.models - WARNING - Found 1 conflicts in schedule:
2025-09-13 17:09:21,541 - course_scheduler.app.data.models - WARNING - Conflict at M3: BIOL1101.1, COMP3401.1
2025-09-13 17:09:27,567 - course_scheduler.app.gui.schedule_report - INFO - Schedule images exported to: C:/Users/PC/Desktop
2025-09-13 17:10:01,677 - course_scheduler.app.gui.schedule_report - INFO - Schedule exported to Excel: C:/Users/PC/Desktop/aaa.xlsx
2025-09-13 17:10:11,627 - course_scheduler.app.data.models - WARNING - Found 1 conflicts in schedule:
2025-09-13 17:10:11,627 - course_scheduler.app.data.models - WARNING - Conflict at M3: BIOL1101.1, COMP3401.1
2025-09-13 17:10:11,628 - course_scheduler.app.data.models - WARNING - Found 1 conflicts in schedule:
2025-09-13 17:10:11,628 - course_scheduler.app.data.models - WARNING - Conflict at M3: BIOL1101.1, COMP3401.1
2025-09-13 17:10:11,628 - course_scheduler.app.data.models - WARNING - Found 1 conflicts in schedule:
2025-09-13 17:10:11,628 - course_scheduler.app.data.models - WARNING - Conflict at M3: BIOL1101.1, COMP3401.1
2025-09-13 17:10:11,628 - course_scheduler.app.data.models - WARNING - Found 1 conflicts in schedule:
2025-09-13 17:10:11,628 - course_scheduler.app.data.models - WARNING - Conflict at M3: BIOL1101.1, COMP3401.1
2025-09-13 17:10:11,628 - course_scheduler.app.data.models - WARNING - Found 1 conflicts in schedule:
2025-09-13 17:10:11,628 - course_scheduler.app.data.models - WARNING - Conflict at M3: BIOL1101.1, COMP3401.1
2025-09-13 17:10:11,629 - course_scheduler.app.data.models - WARNING - Found 1 conflicts in schedule:
2025-09-13 17:10:11,629 - course_scheduler.app.data.models - WARNING - Conflict at M3: BIOL1101.1, COMP3401.1
2025-09-13 17:10:11,994 - course_scheduler.app.data.models - WARNING - Found 1 conflicts in schedule:
2025-09-13 17:10:11,994 - course_scheduler.app.data.models - WARNING - Conflict at M3: BIOL1101.1, COMP3401.1
2025-09-13 17:10:11,994 - course_scheduler.app.data.models - WARNING - Found 1 conflicts in schedule:
2025-09-13 17:10:11,994 - course_scheduler.app.data.models - WARNING - Conflict at M3: BIOL1101.1, COMP3401.1
2025-09-13 17:10:11,995 - course_scheduler.app.data.models - WARNING - Found 1 conflicts in schedule:
2025-09-13 17:10:11,995 - course_scheduler.app.data.models - WARNING - Conflict at M3: BIOL1101.1, COMP3401.1
2025-09-13 17:10:11,995 - course_scheduler.app.data.models - WARNING - Found 1 conflicts in schedule:
2025-09-13 17:10:11,995 - course_scheduler.app.data.models - WARNING - Conflict at M3: BIOL1101.1, COMP3401.1
2025-09-13 17:10:11,995 - course_scheduler.app.data.models - WARNING - Found 1 conflicts in schedule:
2025-09-13 17:10:11,995 - course_scheduler.app.data.models - WARNING - Conflict at M3: BIOL1101.1, COMP3401.1
2025-09-13 17:10:11,995 - course_scheduler.app.data.models - WARNING - Found 1 conflicts in schedule:
2025-09-13 17:10:11,995 - course_scheduler.app.data.models - WARNING - Conflict at M3: BIOL1101.1, COMP3401.1
2025-09-13 17:10:12,159 - course_scheduler.app.data.models - WARNING - Found 1 conflicts in schedule:
2025-09-13 17:10:12,159 - course_scheduler.app.data.models - WARNING - Conflict at M3: BIOL1101.1, COMP3401.1
2025-09-13 17:10:12,159 - course_scheduler.app.data.models - WARNING - Found 1 conflicts in schedule:
2025-09-13 17:10:12,159 - course_scheduler.app.data.models - WARNING - Conflict at M3: BIOL1101.1, COMP3401.1
2025-09-13 17:10:12,160 - course_scheduler.app.data.models - WARNING - Found 1 conflicts in schedule:
2025-09-13 17:10:12,160 - course_scheduler.app.data.models - WARNING - Conflict at M3: BIOL1101.1, COMP3401.1
2025-09-13 17:10:12,160 - course_scheduler.app.data.models - WARNING - Found 1 conflicts in schedule:
2025-09-13 17:10:12,160 - course_scheduler.app.data.models - WARNING - Conflict at M3: BIOL1101.1, COMP3401.1
2025-09-13 17:10:12,160 - course_scheduler.app.data.models - WARNING - Found 1 conflicts in schedule:
2025-09-13 17:10:12,160 - course_scheduler.app.data.models - WARNING - Conflict at M3: BIOL1101.1, COMP3401.1
2025-09-13 17:10:12,161 - course_scheduler.app.data.models - WARNING - Found 1 conflicts in schedule:
2025-09-13 17:10:12,161 - course_scheduler.app.data.models - WARNING - Conflict at M3: BIOL1101.1, COMP3401.1
2025-09-13 17:10:12,324 - course_scheduler.app.data.models - WARNING - Found 1 conflicts in schedule:
2025-09-13 17:10:12,324 - course_scheduler.app.data.models - WARNING - Conflict at M3: BIOL1101.1, COMP3401.1
2025-09-13 17:10:12,324 - course_scheduler.app.data.models - WARNING - Found 1 conflicts in schedule:
2025-09-13 17:10:12,324 - course_scheduler.app.data.models - WARNING - Conflict at M3: BIOL1101.1, COMP3401.1
2025-09-13 17:10:12,324 - course_scheduler.app.data.models - WARNING - Found 1 conflicts in schedule:
2025-09-13 17:10:12,324 - course_scheduler.app.data.models - WARNING - Conflict at M3: BIOL1101.1, COMP3401.1
2025-09-13 17:10:12,325 - course_scheduler.app.data.models - WARNING - Found 1 conflicts in schedule:
2025-09-13 17:10:12,325 - course_scheduler.app.data.models - WARNING - Conflict at M3: BIOL1101.1, COMP3401.1
2025-09-13 17:10:12,325 - course_scheduler.app.data.models - WARNING - Found 1 conflicts in schedule:
2025-09-13 17:10:12,325 - course_scheduler.app.data.models - WARNING - Conflict at M3: BIOL1101.1, COMP3401.1
2025-09-13 17:10:12,325 - course_scheduler.app.data.models - WARNING - Found 1 conflicts in schedule:
2025-09-13 17:10:12,325 - course_scheduler.app.data.models - WARNING - Conflict at M3: BIOL1101.1, COMP3401.1
2025-09-13 17:10:12,497 - course_scheduler.app.data.models - WARNING - Found 1 conflicts in schedule:
2025-09-13 17:10:12,497 - course_scheduler.app.data.models - WARNING - Conflict at M3: BIOL1101.1, COMP3401.1
2025-09-13 17:10:12,497 - course_scheduler.app.data.models - WARNING - Found 1 conflicts in schedule:
2025-09-13 17:10:12,497 - course_scheduler.app.data.models - WARNING - Conflict at M3: BIOL1101.1, COMP3401.1
2025-09-13 17:10:12,497 - course_scheduler.app.data.models - WARNING - Found 1 conflicts in schedule:
2025-09-13 17:10:12,498 - course_scheduler.app.data.models - WARNING - Conflict at M3: BIOL1101.1, COMP3401.1
2025-09-13 17:10:12,498 - course_scheduler.app.data.models - WARNING - Found 1 conflicts in schedule:
2025-09-13 17:10:12,498 - course_scheduler.app.data.models - WARNING - Conflict at M3: BIOL1101.1, COMP3401.1
2025-09-13 17:10:12,498 - course_scheduler.app.data.models - WARNING - Found 1 conflicts in schedule:
2025-09-13 17:10:12,498 - course_scheduler.app.data.models - WARNING - Conflict at M3: BIOL1101.1, COMP3401.1
2025-09-13 17:10:12,499 - course_scheduler.app.data.models - WARNING - Found 1 conflicts in schedule:
2025-09-13 17:10:12,499 - course_scheduler.app.data.models - WARNING - Conflict at M3: BIOL1101.1, COMP3401.1
2025-09-13 17:10:12,676 - course_scheduler.app.data.models - WARNING - Found 1 conflicts in schedule:
2025-09-13 17:10:12,677 - course_scheduler.app.data.models - WARNING - Conflict at M3: BIOL1101.1, COMP3401.1
2025-09-13 17:10:12,677 - course_scheduler.app.data.models - WARNING - Found 1 conflicts in schedule:
2025-09-13 17:10:12,677 - course_scheduler.app.data.models - WARNING - Conflict at M3: BIOL1101.1, COMP3401.1
2025-09-13 17:10:12,677 - course_scheduler.app.data.models - WARNING - Found 1 conflicts in schedule:
2025-09-13 17:10:12,677 - course_scheduler.app.data.models - WARNING - Conflict at M3: BIOL1101.1, COMP3401.1
2025-09-13 17:10:12,677 - course_scheduler.app.data.models - WARNING - Found 1 conflicts in schedule:
2025-09-13 17:10:12,677 - course_scheduler.app.data.models - WARNING - Conflict at M3: BIOL1101.1, COMP3401.1
2025-09-13 17:10:12,677 - course_scheduler.app.data.models - WARNING - Found 1 conflicts in schedule:
2025-09-13 17:10:12,677 - course_scheduler.app.data.models - WARNING - Conflict at M3: BIOL1101.1, COMP3401.1
2025-09-13 17:10:12,678 - course_scheduler.app.data.models - WARNING - Found 1 conflicts in schedule:
2025-09-13 17:10:12,678 - course_scheduler.app.data.models - WARNING - Conflict at M3: BIOL1101.1, COMP3401.1
2025-09-13 17:10:12,842 - course_scheduler.app.data.models - WARNING - Found 1 conflicts in schedule:
2025-09-13 17:10:12,842 - course_scheduler.app.data.models - WARNING - Conflict at M3: BIOL1101.1, COMP3401.1
2025-09-13 17:10:12,842 - course_scheduler.app.data.models - WARNING - Found 1 conflicts in schedule:
2025-09-13 17:10:12,842 - course_scheduler.app.data.models - WARNING - Conflict at M3: BIOL1101.1, COMP3401.1
2025-09-13 17:10:12,842 - course_scheduler.app.data.models - WARNING - Found 1 conflicts in schedule:
2025-09-13 17:10:12,842 - course_scheduler.app.data.models - WARNING - Conflict at M3: BIOL1101.1, COMP3401.1
2025-09-13 17:10:12,842 - course_scheduler.app.data.models - WARNING - Found 1 conflicts in schedule:
2025-09-13 17:10:12,843 - course_scheduler.app.data.models - WARNING - Conflict at M3: BIOL1101.1, COMP3401.1
2025-09-13 17:10:12,843 - course_scheduler.app.data.models - WARNING - Found 1 conflicts in schedule:
2025-09-13 17:10:12,843 - course_scheduler.app.data.models - WARNING - Conflict at M3: BIOL1101.1, COMP3401.1
2025-09-13 17:10:12,843 - course_scheduler.app.data.models - WARNING - Found 1 conflicts in schedule:
2025-09-13 17:10:12,843 - course_scheduler.app.data.models - WARNING - Conflict at M3: BIOL1101.1, COMP3401.1
2025-09-13 17:10:14,463 - course_scheduler.app.data.models - WARNING - Found 1 conflicts in schedule:
2025-09-13 17:10:14,463 - course_scheduler.app.data.models - WARNING - Conflict at M3: BIOL1101.1, COMP3401.1
2025-09-13 17:10:15,249 - course_scheduler.app.data.models - WARNING - Found 1 conflicts in schedule:
2025-09-13 17:10:15,249 - course_scheduler.app.data.models - WARNING - Conflict at M3: BIOL1101.1, COMP3401.1
2025-09-13 17:10:15,249 - course_scheduler.app.data.models - WARNING - Found 1 conflicts in schedule:
2025-09-13 17:10:15,249 - course_scheduler.app.data.models - WARNING - Conflict at M3: BIOL1101.1, COMP3401.1
2025-09-13 17:10:15,249 - course_scheduler.app.data.models - WARNING - Found 1 conflicts in schedule:
2025-09-13 17:10:15,249 - course_scheduler.app.data.models - WARNING - Conflict at M3: BIOL1101.1, COMP3401.1
2025-09-13 17:10:15,249 - course_scheduler.app.data.models - WARNING - Found 1 conflicts in schedule:
2025-09-13 17:10:15,249 - course_scheduler.app.data.models - WARNING - Conflict at M3: BIOL1101.1, COMP3401.1
2025-09-13 17:10:15,249 - course_scheduler.app.data.models - WARNING - Found 1 conflicts in schedule:
2025-09-13 17:10:15,249 - course_scheduler.app.data.models - WARNING - Conflict at M3: BIOL1101.1, COMP3401.1
2025-09-13 17:10:15,250 - course_scheduler.app.data.models - WARNING - Found 1 conflicts in schedule:
2025-09-13 17:10:15,250 - course_scheduler.app.data.models - WARNING - Conflict at M3: BIOL1101.1, COMP3401.1
2025-09-13 17:10:15,722 - course_scheduler.app.data.models - WARNING - Found 1 conflicts in schedule:
2025-09-13 17:10:15,722 - course_scheduler.app.data.models - WARNING - Conflict at M3: BIOL1101.1, COMP3401.1
2025-09-13 17:10:15,722 - course_scheduler.app.data.models - WARNING - Found 1 conflicts in schedule:
2025-09-13 17:10:15,722 - course_scheduler.app.data.models - WARNING - Conflict at M3: BIOL1101.1, COMP3401.1
2025-09-13 17:10:15,722 - course_scheduler.app.data.models - WARNING - Found 1 conflicts in schedule:
2025-09-13 17:10:15,722 - course_scheduler.app.data.models - WARNING - Conflict at M3: BIOL1101.1, COMP3401.1
2025-09-13 17:10:15,722 - course_scheduler.app.data.models - WARNING - Found 1 conflicts in schedule:
2025-09-13 17:10:15,722 - course_scheduler.app.data.models - WARNING - Conflict at M3: BIOL1101.1, COMP3401.1
2025-09-13 17:10:15,722 - course_scheduler.app.data.models - WARNING - Found 1 conflicts in schedule:
2025-09-13 17:10:15,723 - course_scheduler.app.data.models - WARNING - Conflict at M3: BIOL1101.1, COMP3401.1
2025-09-13 17:10:15,723 - course_scheduler.app.data.models - WARNING - Found 1 conflicts in schedule:
2025-09-13 17:10:15,723 - course_scheduler.app.data.models - WARNING - Conflict at M3: BIOL1101.1, COMP3401.1
2025-09-13 17:10:16,751 - course_scheduler.app.data.models - WARNING - Found 1 conflicts in schedule:
2025-09-13 17:10:16,751 - course_scheduler.app.data.models - WARNING - Conflict at M3: BIOL1101.1, COMP3401.1
2025-09-13 17:10:18,648 - course_scheduler.app.data.models - WARNING - Found 1 conflicts in schedule:
2025-09-13 17:10:18,648 - course_scheduler.app.data.models - WARNING - Conflict at M3: BIOL1101.1, COMP3401.1
2025-09-13 17:10:19,472 - course_scheduler.app.data.models - WARNING - Found 1 conflicts in schedule:
2025-09-13 17:10:19,472 - course_scheduler.app.data.models - WARNING - Conflict at M3: BIOL1101.1, COMP3401.1
2025-09-13 17:10:19,472 - course_scheduler.app.data.models - WARNING - Found 1 conflicts in schedule:
2025-09-13 17:10:19,472 - course_scheduler.app.data.models - WARNING - Conflict at M3: BIOL1101.1, COMP3401.1
2025-09-13 17:10:19,472 - course_scheduler.app.data.models - WARNING - Found 1 conflicts in schedule:
2025-09-13 17:10:19,473 - course_scheduler.app.data.models - WARNING - Conflict at M3: BIOL1101.1, COMP3401.1
2025-09-13 17:10:19,473 - course_scheduler.app.data.models - WARNING - Found 1 conflicts in schedule:
2025-09-13 17:10:19,473 - course_scheduler.app.data.models - WARNING - Conflict at M3: BIOL1101.1, COMP3401.1
2025-09-13 17:10:19,473 - course_scheduler.app.data.models - WARNING - Found 1 conflicts in schedule:
2025-09-13 17:10:19,473 - course_scheduler.app.data.models - WARNING - Conflict at M3: BIOL1101.1, COMP3401.1
2025-09-13 17:10:19,473 - course_scheduler.app.data.models - WARNING - Found 1 conflicts in schedule:
2025-09-13 17:10:19,474 - course_scheduler.app.data.models - WARNING - Conflict at M3: BIOL1101.1, COMP3401.1
2025-09-13 17:10:20,708 - course_scheduler.app.data.models - WARNING - Found 1 conflicts in schedule:
2025-09-13 17:10:20,709 - course_scheduler.app.data.models - WARNING - Conflict at M3: BIOL1101.1, COMP3401.1
2025-09-13 17:10:20,709 - course_scheduler.app.data.models - WARNING - Found 1 conflicts in schedule:
2025-09-13 17:10:20,709 - course_scheduler.app.data.models - WARNING - Conflict at M3: BIOL1101.1, COMP3401.1
2025-09-13 17:10:20,709 - course_scheduler.app.data.models - WARNING - Found 1 conflicts in schedule:
2025-09-13 17:10:20,709 - course_scheduler.app.data.models - WARNING - Conflict at M3: BIOL1101.1, COMP3401.1
2025-09-13 17:10:20,709 - course_scheduler.app.data.models - WARNING - Found 1 conflicts in schedule:
2025-09-13 17:10:20,709 - course_scheduler.app.data.models - WARNING - Conflict at M3: BIOL1101.1, COMP3401.1
2025-09-13 17:10:20,709 - course_scheduler.app.data.models - WARNING - Found 1 conflicts in schedule:
2025-09-13 17:10:20,709 - course_scheduler.app.data.models - WARNING - Conflict at M3: BIOL1101.1, COMP3401.1
2025-09-13 17:10:20,710 - course_scheduler.app.data.models - WARNING - Found 1 conflicts in schedule:
2025-09-13 17:10:20,710 - course_scheduler.app.data.models - WARNING - Conflict at M3: BIOL1101.1, COMP3401.1
2025-09-13 17:10:21,550 - course_scheduler.app.data.models - WARNING - Found 1 conflicts in schedule:
2025-09-13 17:10:21,550 - course_scheduler.app.data.models - WARNING - Conflict at M3: BIOL1101.1, COMP3401.1
2025-09-13 17:10:22,052 - course_scheduler.app.data.models - WARNING - Found 1 conflicts in schedule:
2025-09-13 17:10:22,052 - course_scheduler.app.data.models - WARNING - Conflict at M3: BIOL1101.1, COMP3401.1
2025-09-13 17:10:22,052 - course_scheduler.app.data.models - WARNING - Found 1 conflicts in schedule:
2025-09-13 17:10:22,052 - course_scheduler.app.data.models - WARNING - Conflict at M3: BIOL1101.1, COMP3401.1
2025-09-13 17:10:22,053 - course_scheduler.app.data.models - WARNING - Found 1 conflicts in schedule:
2025-09-13 17:10:22,053 - course_scheduler.app.data.models - WARNING - Conflict at M3: BIOL1101.1, COMP3401.1
2025-09-13 17:10:22,053 - course_scheduler.app.data.models - WARNING - Found 1 conflicts in schedule:
2025-09-13 17:10:22,053 - course_scheduler.app.data.models - WARNING - Conflict at M3: BIOL1101.1, COMP3401.1
2025-09-13 17:10:22,053 - course_scheduler.app.data.models - WARNING - Found 1 conflicts in schedule:
2025-09-13 17:10:22,053 - course_scheduler.app.data.models - WARNING - Conflict at M3: BIOL1101.1, COMP3401.1
2025-09-13 17:10:22,053 - course_scheduler.app.data.models - WARNING - Found 1 conflicts in schedule:
2025-09-13 17:10:22,053 - course_scheduler.app.data.models - WARNING - Conflict at M3: BIOL1101.1, COMP3401.1
2025-09-13 17:10:23,164 - course_scheduler.app.data.models - WARNING - Found 1 conflicts in schedule:
2025-09-13 17:10:23,164 - course_scheduler.app.data.models - WARNING - Conflict at M3: BIOL1101.1, COMP3401.1
2025-09-13 17:10:23,837 - course_scheduler.app.data.models - WARNING - Found 1 conflicts in schedule:
2025-09-13 17:10:23,837 - course_scheduler.app.data.models - WARNING - Conflict at M3: BIOL1101.1, COMP3401.1
2025-09-13 17:10:23,837 - course_scheduler.app.data.models - WARNING - Found 1 conflicts in schedule:
2025-09-13 17:10:23,837 - course_scheduler.app.data.models - WARNING - Conflict at M3: BIOL1101.1, COMP3401.1
2025-09-13 17:10:23,837 - course_scheduler.app.data.models - WARNING - Found 1 conflicts in schedule:
2025-09-13 17:10:23,837 - course_scheduler.app.data.models - WARNING - Conflict at M3: BIOL1101.1, COMP3401.1
2025-09-13 17:10:23,838 - course_scheduler.app.data.models - WARNING - Found 1 conflicts in schedule:
2025-09-13 17:10:23,838 - course_scheduler.app.data.models - WARNING - Conflict at M3: BIOL1101.1, COMP3401.1
2025-09-13 17:10:23,838 - course_scheduler.app.data.models - WARNING - Found 1 conflicts in schedule:
2025-09-13 17:10:23,838 - course_scheduler.app.data.models - WARNING - Conflict at M3: BIOL1101.1, COMP3401.1
2025-09-13 17:10:23,838 - course_scheduler.app.data.models - WARNING - Found 1 conflicts in schedule:
2025-09-13 17:10:23,839 - course_scheduler.app.data.models - WARNING - Conflict at M3: BIOL1101.1, COMP3401.1
2025-09-13 17:10:25,541 - course_scheduler.app.data.models - WARNING - Found 1 conflicts in schedule:
2025-09-13 17:10:25,541 - course_scheduler.app.data.models - WARNING - Conflict at M3: BIOL1101.1, COMP3401.1
2025-09-13 17:10:26,589 - course_scheduler.app.data.models - WARNING - Found 1 conflicts in schedule:
2025-09-13 17:10:26,589 - course_scheduler.app.data.models - WARNING - Conflict at M3: BIOL1101.1, COMP3401.1
2025-09-13 17:10:26,589 - course_scheduler.app.data.models - WARNING - Found 1 conflicts in schedule:
2025-09-13 17:10:26,589 - course_scheduler.app.data.models - WARNING - Conflict at M3: BIOL1101.1, COMP3401.1
2025-09-13 17:10:26,589 - course_scheduler.app.data.models - WARNING - Found 1 conflicts in schedule:
2025-09-13 17:10:26,589 - course_scheduler.app.data.models - WARNING - Conflict at M3: BIOL1101.1, COMP3401.1
2025-09-13 17:10:26,590 - course_scheduler.app.data.models - WARNING - Found 1 conflicts in schedule:
2025-09-13 17:10:26,590 - course_scheduler.app.data.models - WARNING - Conflict at M3: BIOL1101.1, COMP3401.1
2025-09-13 17:10:26,590 - course_scheduler.app.data.models - WARNING - Found 1 conflicts in schedule:
2025-09-13 17:10:26,590 - course_scheduler.app.data.models - WARNING - Conflict at M3: BIOL1101.1, COMP3401.1
2025-09-13 17:10:26,590 - course_scheduler.app.data.models - WARNING - Found 1 conflicts in schedule:
2025-09-13 17:10:26,590 - course_scheduler.app.data.models - WARNING - Conflict at M3: BIOL1101.1, COMP3401.1
2025-09-13 17:10:29,231 - course_scheduler.app.data.models - WARNING - Found 1 conflicts in schedule:
2025-09-13 17:10:29,231 - course_scheduler.app.data.models - WARNING - Conflict at M3: BIOL1101.1, COMP3401.1
2025-09-13 17:10:30,513 - course_scheduler.app.data.models - WARNING - Found 1 conflicts in schedule:
2025-09-13 17:10:30,514 - course_scheduler.app.data.models - WARNING - Conflict at M3: BIOL1101.1, COMP3401.1
2025-09-13 17:10:31,234 - course_scheduler.app.data.models - WARNING - Found 1 conflicts in schedule:
2025-09-13 17:10:31,234 - course_scheduler.app.data.models - WARNING - Conflict at M3: BIOL1101.1, COMP3401.1
2025-09-13 17:10:31,234 - course_scheduler.app.data.models - WARNING - Found 1 conflicts in schedule:
2025-09-13 17:10:31,234 - course_scheduler.app.data.models - WARNING - Conflict at M3: BIOL1101.1, COMP3401.1
2025-09-13 17:10:31,234 - course_scheduler.app.data.models - WARNING - Found 1 conflicts in schedule:
2025-09-13 17:10:31,234 - course_scheduler.app.data.models - WARNING - Conflict at M3: BIOL1101.1, COMP3401.1
2025-09-13 17:10:31,234 - course_scheduler.app.data.models - WARNING - Found 1 conflicts in schedule:
2025-09-13 17:10:31,234 - course_scheduler.app.data.models - WARNING - Conflict at M3: BIOL1101.1, COMP3401.1
2025-09-13 17:10:31,235 - course_scheduler.app.data.models - WARNING - Found 1 conflicts in schedule:
2025-09-13 17:10:31,235 - course_scheduler.app.data.models - WARNING - Conflict at M3: BIOL1101.1, COMP3401.1
2025-09-13 17:10:31,235 - course_scheduler.app.data.models - WARNING - Found 1 conflicts in schedule:
2025-09-13 17:10:31,235 - course_scheduler.app.data.models - WARNING - Conflict at M3: BIOL1101.1, COMP3401.1
