2025-09-13 15:56:53,777 - root - INFO - Logging initialized
2025-09-13 15:56:53,778 - root - INFO - Starting Course Scheduler application
2025-09-13 15:56:55,928 - course_scheduler.app.gui.main_window - INFO - Main window initialized
2025-09-13 15:56:55,928 - root - INFO - Main window initialized successfully
2025-09-13 15:57:03,228 - course_scheduler.app.gui.file_settings - INFO - Selected file: C:/Users/PC/Downloads/lisans-haftalik-ders-programi(1).xlsx
2025-09-13 15:57:07,417 - course_scheduler.app.data.excel_loader - WARNING - Error extracting schedule for course BIOL1101.1: The truth value of a Series is ambiguous. Use a.empty, a.bool(), a.item(), a.any() or a.all().
2025-09-13 15:57:07,418 - course_scheduler.app.data.excel_loader - WARNING - Error extracting schedule for course CHEM1101.1: The truth value of a Series is ambiguous. Use a.empty, a.bool(), a.item(), a.any() or a.all().
2025-09-13 15:57:07,419 - course_scheduler.app.data.excel_loader - WARNING - Error extracting schedule for course COMP1007.1: The truth value of a Series is ambiguous. Use a.empty, a.bool(), a.item(), a.any() or a.all().
2025-09-13 15:57:07,420 - course_scheduler.app.data.excel_loader - WARNING - Error extracting schedule for course COMP1111.1: The truth value of a Series is ambiguous. Use a.empty, a.bool(), a.item(), a.any() or a.all().
2025-09-13 15:57:07,420 - course_scheduler.app.data.excel_loader - WARNING - Error extracting schedule for course COMP1111.2: The truth value of a Series is ambiguous. Use a.empty, a.bool(), a.item(), a.any() or a.all().
2025-09-13 15:57:07,421 - course_scheduler.app.data.excel_loader - WARNING - Error extracting schedule for course COMP1111-L.1: The truth value of a Series is ambiguous. Use a.empty, a.bool(), a.item(), a.any() or a.all().
2025-09-13 15:57:07,422 - course_scheduler.app.data.excel_loader - WARNING - Error extracting schedule for course COMP1111-L.2: The truth value of a Series is ambiguous. Use a.empty, a.bool(), a.item(), a.any() or a.all().
2025-09-13 15:57:07,422 - course_scheduler.app.data.excel_loader - WARNING - Error extracting schedule for course COMP1111-L.3: The truth value of a Series is ambiguous. Use a.empty, a.bool(), a.item(), a.any() or a.all().
2025-09-13 15:57:07,423 - course_scheduler.app.data.excel_loader - WARNING - Error extracting schedule for course COMP2103.1: The truth value of a Series is ambiguous. Use a.empty, a.bool(), a.item(), a.any() or a.all().
2025-09-13 15:57:07,424 - course_scheduler.app.data.excel_loader - WARNING - Error extracting schedule for course COMP2103-L.1: The truth value of a Series is ambiguous. Use a.empty, a.bool(), a.item(), a.any() or a.all().
2025-09-13 15:57:07,424 - course_scheduler.app.data.excel_loader - WARNING - Error extracting schedule for course COMP2103-L.2: The truth value of a Series is ambiguous. Use a.empty, a.bool(), a.item(), a.any() or a.all().
2025-09-13 15:57:07,425 - course_scheduler.app.data.excel_loader - WARNING - Error extracting schedule for course COMP2112.1: The truth value of a Series is ambiguous. Use a.empty, a.bool(), a.item(), a.any() or a.all().
2025-09-13 15:57:07,426 - course_scheduler.app.data.excel_loader - WARNING - Error extracting schedule for course COMP2112.2: The truth value of a Series is ambiguous. Use a.empty, a.bool(), a.item(), a.any() or a.all().
2025-09-13 15:57:07,426 - course_scheduler.app.data.excel_loader - WARNING - Error extracting schedule for course COMP2112-L.1: The truth value of a Series is ambiguous. Use a.empty, a.bool(), a.item(), a.any() or a.all().
2025-09-13 15:57:07,427 - course_scheduler.app.data.excel_loader - WARNING - Error extracting schedule for course COMP2112-L.2: The truth value of a Series is ambiguous. Use a.empty, a.bool(), a.item(), a.any() or a.all().
2025-09-13 15:57:07,427 - course_scheduler.app.data.excel_loader - WARNING - Error extracting schedule for course COMP2112-L.3: The truth value of a Series is ambiguous. Use a.empty, a.bool(), a.item(), a.any() or a.all().
2025-09-13 15:57:07,428 - course_scheduler.app.data.excel_loader - WARNING - Error extracting schedule for course COMP2112-PS.1: The truth value of a Series is ambiguous. Use a.empty, a.bool(), a.item(), a.any() or a.all().
2025-09-13 15:57:07,428 - course_scheduler.app.data.excel_loader - WARNING - Error extracting schedule for course COMP3112.1: The truth value of a Series is ambiguous. Use a.empty, a.bool(), a.item(), a.any() or a.all().
2025-09-13 15:57:07,429 - course_scheduler.app.data.excel_loader - WARNING - Error extracting schedule for course COMP3112-PS.1: The truth value of a Series is ambiguous. Use a.empty, a.bool(), a.item(), a.any() or a.all().
2025-09-13 15:57:07,430 - course_scheduler.app.data.excel_loader - WARNING - Error extracting schedule for course COMP3401.1: The truth value of a Series is ambiguous. Use a.empty, a.bool(), a.item(), a.any() or a.all().
2025-09-13 15:57:07,431 - course_scheduler.app.data.excel_loader - WARNING - Error extracting schedule for course COMP3401-PS.1: The truth value of a Series is ambiguous. Use a.empty, a.bool(), a.item(), a.any() or a.all().
2025-09-13 15:57:07,432 - course_scheduler.app.data.excel_loader - WARNING - Error extracting schedule for course COMP3910.1: The truth value of a Series is ambiguous. Use a.empty, a.bool(), a.item(), a.any() or a.all().
2025-09-13 15:57:07,433 - course_scheduler.app.data.excel_loader - WARNING - Error extracting schedule for course COMP3920.1: The truth value of a Series is ambiguous. Use a.empty, a.bool(), a.item(), a.any() or a.all().
2025-09-13 15:57:07,434 - course_scheduler.app.data.excel_loader - WARNING - Error extracting schedule for course COMP4102.1: The truth value of a Series is ambiguous. Use a.empty, a.bool(), a.item(), a.any() or a.all().
2025-09-13 15:57:07,435 - course_scheduler.app.data.excel_loader - WARNING - Error extracting schedule for course COMP4602.1: The truth value of a Series is ambiguous. Use a.empty, a.bool(), a.item(), a.any() or a.all().
2025-09-13 15:57:07,436 - course_scheduler.app.data.excel_loader - WARNING - Error extracting schedule for course COMP4610.1: The truth value of a Series is ambiguous. Use a.empty, a.bool(), a.item(), a.any() or a.all().
2025-09-13 15:57:07,437 - course_scheduler.app.data.excel_loader - WARNING - Error extracting schedule for course COMP4687.1: The truth value of a Series is ambiguous. Use a.empty, a.bool(), a.item(), a.any() or a.all().
2025-09-13 15:57:07,437 - course_scheduler.app.data.excel_loader - WARNING - Error extracting schedule for course COMP4701.1: The truth value of a Series is ambiguous. Use a.empty, a.bool(), a.item(), a.any() or a.all().
2025-09-13 15:57:07,437 - course_scheduler.app.data.excel_loader - WARNING - Error extracting schedule for course COMP4902.1: The truth value of a Series is ambiguous. Use a.empty, a.bool(), a.item(), a.any() or a.all().
2025-09-13 15:57:07,438 - course_scheduler.app.data.excel_loader - WARNING - Error extracting schedule for course COMP4910.1: The truth value of a Series is ambiguous. Use a.empty, a.bool(), a.item(), a.any() or a.all().
2025-09-13 15:57:07,439 - course_scheduler.app.data.excel_loader - WARNING - Error extracting schedule for course COMP4912.1: The truth value of a Series is ambiguous. Use a.empty, a.bool(), a.item(), a.any() or a.all().
2025-09-13 15:57:07,439 - course_scheduler.app.data.excel_loader - WARNING - Error extracting schedule for course COMP4920.1: The truth value of a Series is ambiguous. Use a.empty, a.bool(), a.item(), a.any() or a.all().
2025-09-13 15:57:07,440 - course_scheduler.app.data.excel_loader - WARNING - Error extracting schedule for course MATH1112.1: The truth value of a Series is ambiguous. Use a.empty, a.bool(), a.item(), a.any() or a.all().
2025-09-13 15:57:07,441 - course_scheduler.app.data.excel_loader - WARNING - Error extracting schedule for course MATH1112.2: The truth value of a Series is ambiguous. Use a.empty, a.bool(), a.item(), a.any() or a.all().
2025-09-13 15:57:07,441 - course_scheduler.app.data.excel_loader - WARNING - Error extracting schedule for course MATH1112.3: The truth value of a Series is ambiguous. Use a.empty, a.bool(), a.item(), a.any() or a.all().
2025-09-13 15:57:07,442 - course_scheduler.app.data.excel_loader - WARNING - Error extracting schedule for course MATH1112.4: The truth value of a Series is ambiguous. Use a.empty, a.bool(), a.item(), a.any() or a.all().
2025-09-13 15:57:07,443 - course_scheduler.app.data.excel_loader - WARNING - Error extracting schedule for course MATH1112-PS.1: The truth value of a Series is ambiguous. Use a.empty, a.bool(), a.item(), a.any() or a.all().
2025-09-13 15:57:07,443 - course_scheduler.app.data.excel_loader - WARNING - Error extracting schedule for course MATH1112-PS.2: The truth value of a Series is ambiguous. Use a.empty, a.bool(), a.item(), a.any() or a.all().
2025-09-13 15:57:07,444 - course_scheduler.app.data.excel_loader - WARNING - Error extracting schedule for course MATH1112-PS.3: The truth value of a Series is ambiguous. Use a.empty, a.bool(), a.item(), a.any() or a.all().
2025-09-13 15:57:07,445 - course_scheduler.app.data.excel_loader - WARNING - Error extracting schedule for course MATH2104.1: The truth value of a Series is ambiguous. Use a.empty, a.bool(), a.item(), a.any() or a.all().
2025-09-13 15:57:07,445 - course_scheduler.app.data.excel_loader - WARNING - Error extracting schedule for course MATH2104.2: The truth value of a Series is ambiguous. Use a.empty, a.bool(), a.item(), a.any() or a.all().
2025-09-13 15:57:07,446 - course_scheduler.app.data.excel_loader - WARNING - Error extracting schedule for course MATH2104.3: The truth value of a Series is ambiguous. Use a.empty, a.bool(), a.item(), a.any() or a.all().
2025-09-13 15:57:07,447 - course_scheduler.app.data.excel_loader - WARNING - Error extracting schedule for course MATH2105.1: The truth value of a Series is ambiguous. Use a.empty, a.bool(), a.item(), a.any() or a.all().
2025-09-13 15:57:07,448 - course_scheduler.app.data.excel_loader - WARNING - Error extracting schedule for course MATH2105.2: The truth value of a Series is ambiguous. Use a.empty, a.bool(), a.item(), a.any() or a.all().
2025-09-13 15:57:07,449 - course_scheduler.app.data.excel_loader - WARNING - Error extracting schedule for course MATH2105-PS.1: The truth value of a Series is ambiguous. Use a.empty, a.bool(), a.item(), a.any() or a.all().
2025-09-13 15:57:07,449 - course_scheduler.app.data.excel_loader - WARNING - Error extracting schedule for course MATH2105-PS.2: The truth value of a Series is ambiguous. Use a.empty, a.bool(), a.item(), a.any() or a.all().
2025-09-13 15:57:07,451 - course_scheduler.app.data.excel_loader - WARNING - Error extracting schedule for course MATH2107.1: The truth value of a Series is ambiguous. Use a.empty, a.bool(), a.item(), a.any() or a.all().
2025-09-13 15:57:07,451 - course_scheduler.app.data.excel_loader - WARNING - Error extracting schedule for course MATH2107.2: The truth value of a Series is ambiguous. Use a.empty, a.bool(), a.item(), a.any() or a.all().
2025-09-13 15:57:07,452 - course_scheduler.app.data.excel_loader - WARNING - Error extracting schedule for course MATH2107-PS.1: The truth value of a Series is ambiguous. Use a.empty, a.bool(), a.item(), a.any() or a.all().
2025-09-13 15:57:07,453 - course_scheduler.app.data.excel_loader - WARNING - Error extracting schedule for course MATH2107-PS.2: The truth value of a Series is ambiguous. Use a.empty, a.bool(), a.item(), a.any() or a.all().
2025-09-13 15:57:07,453 - course_scheduler.app.data.excel_loader - WARNING - Error extracting schedule for course OHES4411.1: The truth value of a Series is ambiguous. Use a.empty, a.bool(), a.item(), a.any() or a.all().
2025-09-13 15:57:07,454 - course_scheduler.app.data.excel_loader - WARNING - Error extracting schedule for course OHES4412.1: The truth value of a Series is ambiguous. Use a.empty, a.bool(), a.item(), a.any() or a.all().
2025-09-13 15:57:07,454 - course_scheduler.app.data.excel_loader - WARNING - Error extracting schedule for course SOFT2101.1: The truth value of a Series is ambiguous. Use a.empty, a.bool(), a.item(), a.any() or a.all().
2025-09-13 15:57:07,455 - course_scheduler.app.data.excel_loader - WARNING - Error extracting schedule for course SOFT3111.1: The truth value of a Series is ambiguous. Use a.empty, a.bool(), a.item(), a.any() or a.all().
2025-09-13 15:57:07,455 - course_scheduler.app.data.excel_loader - WARNING - Error extracting schedule for course SOFT3111-L.1: The truth value of a Series is ambiguous. Use a.empty, a.bool(), a.item(), a.any() or a.all().
2025-09-13 15:57:07,456 - course_scheduler.app.data.excel_loader - WARNING - Error extracting schedule for course SOFT3215.1: The truth value of a Series is ambiguous. Use a.empty, a.bool(), a.item(), a.any() or a.all().
2025-09-13 15:57:07,457 - course_scheduler.app.data.excel_loader - WARNING - Error extracting schedule for course SOFT3215-L.1: The truth value of a Series is ambiguous. Use a.empty, a.bool(), a.item(), a.any() or a.all().
2025-09-13 15:57:07,457 - course_scheduler.app.data.excel_loader - WARNING - Error extracting schedule for course SOFT3215-L.2: The truth value of a Series is ambiguous. Use a.empty, a.bool(), a.item(), a.any() or a.all().
2025-09-13 15:57:07,458 - course_scheduler.app.data.excel_loader - WARNING - Error extracting schedule for course SOFT3910.1: The truth value of a Series is ambiguous. Use a.empty, a.bool(), a.item(), a.any() or a.all().
2025-09-13 15:57:07,459 - course_scheduler.app.data.excel_loader - WARNING - Error extracting schedule for course SOFT3920.1: The truth value of a Series is ambiguous. Use a.empty, a.bool(), a.item(), a.any() or a.all().
2025-09-13 15:57:07,459 - course_scheduler.app.data.excel_loader - WARNING - Error extracting schedule for course SOFT4221.1: The truth value of a Series is ambiguous. Use a.empty, a.bool(), a.item(), a.any() or a.all().
2025-09-13 15:57:07,460 - course_scheduler.app.data.excel_loader - WARNING - Error extracting schedule for course SOFT4314.1: The truth value of a Series is ambiguous. Use a.empty, a.bool(), a.item(), a.any() or a.all().
2025-09-13 15:57:07,461 - course_scheduler.app.data.excel_loader - WARNING - Error extracting schedule for course SOFT4902.1: The truth value of a Series is ambiguous. Use a.empty, a.bool(), a.item(), a.any() or a.all().
2025-09-13 15:57:07,462 - course_scheduler.app.data.excel_loader - WARNING - Error extracting schedule for course SOFT4910.1: The truth value of a Series is ambiguous. Use a.empty, a.bool(), a.item(), a.any() or a.all().
2025-09-13 15:57:07,462 - course_scheduler.app.data.excel_loader - WARNING - Error extracting schedule for course SOFT4912.1: The truth value of a Series is ambiguous. Use a.empty, a.bool(), a.item(), a.any() or a.all().
2025-09-13 15:57:07,463 - course_scheduler.app.data.excel_loader - WARNING - Error extracting schedule for course SOFT4920.1: The truth value of a Series is ambiguous. Use a.empty, a.bool(), a.item(), a.any() or a.all().
2025-09-13 15:57:08,259 - course_scheduler.app.gui.course_preview - INFO - Course preview updated with 66 courses
2025-09-13 15:57:08,267 - course_scheduler.app.gui.file_settings - INFO - Successfully loaded courses from C:/Users/PC/Downloads/lisans-haftalik-ders-programi(1).xlsx, sheet: Sheet1
